This is pdfTeX, Version 3.14159265-2.6-1.40.19 (MiKTeX 2.9.6630 64-bit) (preloaded format=pdflatex 2018.3.11)  17 MAR 2018 14:28
entering extended mode
**./Ma.tex
(Ma.tex
LaTeX2e <2017-04-15>
Babel <3.18> and hyphenation patterns for 75 language(s) loaded.
(E:\Software\MiKTex_2.9\tex\latex\base\article.cls
Document Class: article 2014/09/29 v1.4h Standard LaTeX document class
(E:\Software\MiKTex_2.9\tex\latex\base\size10.clo
File: size10.clo 2014/09/29 v1.4h Standard LaTeX file (size option)
)
\c@part=\count79
\c@section=\count80
\c@subsection=\count81
\c@subsubsection=\count82
\c@paragraph=\count83
\c@subparagraph=\count84
\c@figure=\count85
\c@table=\count86
\abovecaptionskip=\skip41
\belowcaptionskip=\skip42
\bibindent=\dimen102
) (INTERSPEECH2018.sty
Package: INTERSPEECH2018 2018/01/19 Official Interspeech 2018 package

(E:\Software\MiKTex_2.9\tex\latex\graphics\graphicx.sty
Package: graphicx 2017/06/01 v1.1a Enhanced LaTeX Graphics (DPC,SPQR)

(E:\Software\MiKTex_2.9\tex\latex\graphics\keyval.sty
Package: keyval 2014/10/28 v1.15 key=value parser (DPC)
\KV@toks@=\toks14
)
(E:\Software\MiKTex_2.9\tex\latex\graphics\graphics.sty
Package: graphics 2017/06/25 v1.2c Standard LaTeX Graphics (DPC,SPQR)

(E:\Software\MiKTex_2.9\tex\latex\graphics\trig.sty
Package: trig 2016/01/03 v1.10 sin cos tan (DPC)
)
(E:\Software\MiKTex_2.9\tex\latex\graphics-cfg\graphics.cfg
File: graphics.cfg 2016/06/04 v1.11 sample graphics configuration
)
Package graphics Info: Driver file: pdftex.def on input line 99.

(E:\Software\MiKTex_2.9\tex\latex\graphics-def\pdftex.def
File: pdftex.def 2018/01/08 v1.0l Graphics/color driver for pdftex
))
\Gin@req@height=\dimen103
\Gin@req@width=\dimen104
)
(E:\Software\MiKTex_2.9\tex\latex\amsfonts\amssymb.sty
Package: amssymb 2013/01/14 v3.01 AMS font symbols

(E:\Software\MiKTex_2.9\tex\latex\amsfonts\amsfonts.sty
Package: amsfonts 2013/01/14 v3.01 Basic AMSFonts support
\@emptytoks=\toks15
\symAMSa=\mathgroup4
\symAMSb=\mathgroup5
LaTeX Font Info:    Overwriting math alphabet `\mathfrak' in version `bold'
(Font)                  U/euf/m/n --> U/euf/b/n on input line 106.
))
(E:\Software\MiKTex_2.9\tex\latex\amsmath\amsmath.sty
Package: amsmath 2017/09/02 v2.17a AMS math features
\@mathmargin=\skip43

For additional information on amsmath, use the `?' option.
(E:\Software\MiKTex_2.9\tex\latex\amsmath\amstext.sty
Package: amstext 2000/06/29 v2.01 AMS text

(E:\Software\MiKTex_2.9\tex\latex\amsmath\amsgen.sty
File: amsgen.sty 1999/11/30 v2.0 generic functions
\@emptytoks=\toks16
\ex@=\dimen105
))
(E:\Software\MiKTex_2.9\tex\latex\amsmath\amsbsy.sty
Package: amsbsy 1999/11/29 v1.2d Bold Symbols
\pmbraise@=\dimen106
)
(E:\Software\MiKTex_2.9\tex\latex\amsmath\amsopn.sty
Package: amsopn 2016/03/08 v2.02 operator names
)
\inf@bad=\count87
LaTeX Info: Redefining \frac on input line 213.
\uproot@=\count88
\leftroot@=\count89
LaTeX Info: Redefining \overline on input line 375.
\classnum@=\count90
\DOTSCASE@=\count91
LaTeX Info: Redefining \ldots on input line 472.
LaTeX Info: Redefining \dots on input line 475.
LaTeX Info: Redefining \cdots on input line 596.
\Mathstrutbox@=\box26
\strutbox@=\box27
\big@size=\dimen107
LaTeX Font Info:    Redeclaring font encoding OML on input line 712.
LaTeX Font Info:    Redeclaring font encoding OMS on input line 713.
\macc@depth=\count92
\c@MaxMatrixCols=\count93
\dotsspace@=\muskip10
\c@parentequation=\count94
\dspbrk@lvl=\count95
\tag@help=\toks17
\row@=\count96
\column@=\count97
\maxfields@=\count98
\andhelp@=\toks18
\eqnshift@=\dimen108
\alignsep@=\dimen109
\tagshift@=\dimen110
\tagwidth@=\dimen111
\totwidth@=\dimen112
\lineht@=\dimen113
\@envbody=\toks19
\multlinegap=\skip44
\multlinetaggap=\skip45
\mathdisplay@stack=\toks20
LaTeX Info: Redefining \[ on input line 2817.
LaTeX Info: Redefining \] on input line 2818.
)
(E:\Software\MiKTex_2.9\tex\latex\tools\bm.sty
Package: bm 2017/01/16 v1.2c Bold Symbol Support (DPC/FMi)
\symboldoperators=\mathgroup6
\symboldletters=\mathgroup7
\symboldsymbols=\mathgroup8
LaTeX Font Info:    Redeclaring math alphabet \mathbf on input line 141.
LaTeX Info: Redefining \bm on input line 207.
)
(E:\Software\MiKTex_2.9\tex\latex\base\textcomp.sty
Package: textcomp 2017/04/05 v2.0i Standard LaTeX package
Package textcomp Info: Sub-encoding information:
(textcomp)               5 = only ISO-Adobe without \textcurrency
(textcomp)               4 = 5 + \texteuro
(textcomp)               3 = 4 + \textohm
(textcomp)               2 = 3 + \textestimated + \textcurrency
(textcomp)               1 = TS1 - \textcircled - \t
(textcomp)               0 = TS1 (full)
(textcomp)             Font families with sub-encoding setting implement
(textcomp)             only a restricted character set as indicated.
(textcomp)             Family '?' is the default used for unknown fonts.
(textcomp)             See the documentation for details.
Package textcomp Info: Setting ? sub-encoding to TS1/1 on input line 79.

(E:\Software\MiKTex_2.9\tex\latex\base\ts1enc.def
File: ts1enc.def 2001/06/05 v3.0e (jk/car/fm) Standard LaTeX file
)
LaTeX Info: Redefining \oldstylenums on input line 334.
Package textcomp Info: Setting cmr sub-encoding to TS1/0 on input line 349.
Package textcomp Info: Setting cmss sub-encoding to TS1/0 on input line 350.
Package textcomp Info: Setting cmtt sub-encoding to TS1/0 on input line 351.
Package textcomp Info: Setting cmvtt sub-encoding to TS1/0 on input line 352.
Package textcomp Info: Setting cmbr sub-encoding to TS1/0 on input line 353.
Package textcomp Info: Setting cmtl sub-encoding to TS1/0 on input line 354.
Package textcomp Info: Setting ccr sub-encoding to TS1/0 on input line 355.
Package textcomp Info: Setting ptm sub-encoding to TS1/4 on input line 356.
Package textcomp Info: Setting pcr sub-encoding to TS1/4 on input line 357.
Package textcomp Info: Setting phv sub-encoding to TS1/4 on input line 358.
Package textcomp Info: Setting ppl sub-encoding to TS1/3 on input line 359.
Package textcomp Info: Setting pag sub-encoding to TS1/4 on input line 360.
Package textcomp Info: Setting pbk sub-encoding to TS1/4 on input line 361.
Package textcomp Info: Setting pnc sub-encoding to TS1/4 on input line 362.
Package textcomp Info: Setting pzc sub-encoding to TS1/4 on input line 363.
Package textcomp Info: Setting bch sub-encoding to TS1/4 on input line 364.
Package textcomp Info: Setting put sub-encoding to TS1/5 on input line 365.
Package textcomp Info: Setting uag sub-encoding to TS1/5 on input line 366.
Package textcomp Info: Setting ugq sub-encoding to TS1/5 on input line 367.
Package textcomp Info: Setting ul8 sub-encoding to TS1/4 on input line 368.
Package textcomp Info: Setting ul9 sub-encoding to TS1/4 on input line 369.
Package textcomp Info: Setting augie sub-encoding to TS1/5 on input line 370.
Package textcomp Info: Setting dayrom sub-encoding to TS1/3 on input line 371.
Package textcomp Info: Setting dayroms sub-encoding to TS1/3 on input line 372.

Package textcomp Info: Setting pxr sub-encoding to TS1/0 on input line 373.
Package textcomp Info: Setting pxss sub-encoding to TS1/0 on input line 374.
Package textcomp Info: Setting pxtt sub-encoding to TS1/0 on input line 375.
Package textcomp Info: Setting txr sub-encoding to TS1/0 on input line 376.
Package textcomp Info: Setting txss sub-encoding to TS1/0 on input line 377.
Package textcomp Info: Setting txtt sub-encoding to TS1/0 on input line 378.
Package textcomp Info: Setting lmr sub-encoding to TS1/0 on input line 379.
Package textcomp Info: Setting lmdh sub-encoding to TS1/0 on input line 380.
Package textcomp Info: Setting lmss sub-encoding to TS1/0 on input line 381.
Package textcomp Info: Setting lmssq sub-encoding to TS1/0 on input line 382.
Package textcomp Info: Setting lmvtt sub-encoding to TS1/0 on input line 383.
Package textcomp Info: Setting lmtt sub-encoding to TS1/0 on input line 384.
Package textcomp Info: Setting qhv sub-encoding to TS1/0 on input line 385.
Package textcomp Info: Setting qag sub-encoding to TS1/0 on input line 386.
Package textcomp Info: Setting qbk sub-encoding to TS1/0 on input line 387.
Package textcomp Info: Setting qcr sub-encoding to TS1/0 on input line 388.
Package textcomp Info: Setting qcs sub-encoding to TS1/0 on input line 389.
Package textcomp Info: Setting qpl sub-encoding to TS1/0 on input line 390.
Package textcomp Info: Setting qtm sub-encoding to TS1/0 on input line 391.
Package textcomp Info: Setting qzc sub-encoding to TS1/0 on input line 392.
Package textcomp Info: Setting qhvc sub-encoding to TS1/0 on input line 393.
Package textcomp Info: Setting futs sub-encoding to TS1/4 on input line 394.
Package textcomp Info: Setting futx sub-encoding to TS1/4 on input line 395.
Package textcomp Info: Setting futj sub-encoding to TS1/4 on input line 396.
Package textcomp Info: Setting hlh sub-encoding to TS1/3 on input line 397.
Package textcomp Info: Setting hls sub-encoding to TS1/3 on input line 398.
Package textcomp Info: Setting hlst sub-encoding to TS1/3 on input line 399.
Package textcomp Info: Setting hlct sub-encoding to TS1/5 on input line 400.
Package textcomp Info: Setting hlx sub-encoding to TS1/5 on input line 401.
Package textcomp Info: Setting hlce sub-encoding to TS1/5 on input line 402.
Package textcomp Info: Setting hlcn sub-encoding to TS1/5 on input line 403.
Package textcomp Info: Setting hlcw sub-encoding to TS1/5 on input line 404.
Package textcomp Info: Setting hlcf sub-encoding to TS1/5 on input line 405.
Package textcomp Info: Setting pplx sub-encoding to TS1/3 on input line 406.
Package textcomp Info: Setting pplj sub-encoding to TS1/3 on input line 407.
Package textcomp Info: Setting ptmx sub-encoding to TS1/4 on input line 408.
Package textcomp Info: Setting ptmj sub-encoding to TS1/4 on input line 409.
)
(E:\Software\MiKTex_2.9\tex\latex\booktabs\booktabs.sty
Package: booktabs 2005/04/14 v1.61803 publication quality tables
\heavyrulewidth=\dimen114
\lightrulewidth=\dimen115
\cmidrulewidth=\dimen116
\belowrulesep=\dimen117
\belowbottomsep=\dimen118
\aboverulesep=\dimen119
\abovetopsep=\dimen120
\cmidrulesep=\dimen121
\cmidrulekern=\dimen122
\defaultaddspace=\dimen123
\@cmidla=\count99
\@cmidlb=\count100
\@aboverulesep=\dimen124
\@belowrulesep=\dimen125
\@thisruleclass=\count101
\@lastruleclass=\count102
\@thisrulewidth=\dimen126
)
(E:\Software\MiKTex_2.9\tex\latex\caption\caption.sty
Package: caption 2016/02/21 v3.3-144 Customizing captions (AR)

(E:\Software\MiKTex_2.9\tex\latex\caption\caption3.sty
Package: caption3 2016/05/22 v1.7-166 caption3 kernel (AR)
Package caption3 Info: TeX engine: e-TeX on input line 67.
\captionmargin=\dimen127
\captionmargin@=\dimen128
\captionwidth=\dimen129
\caption@tempdima=\dimen130
\caption@indent=\dimen131
\caption@parindent=\dimen132
\caption@hangindent=\dimen133
)
\c@ContinuedFloat=\count103
)
\headrulewidth=\dimen134
\footrulewidth=\dimen135
\plainheadrulewidth=\dimen136
\plainfootrulewidth=\dimen137
\headwidth=\dimen138
)
(E:\Software\MiKTex_2.9\tex\latex\graphics\epsfig.sty
Package: epsfig 2017/06/25 v1.7b (e)psfig emulation (SPQR)
\epsfxsize=\dimen139
\epsfysize=\dimen140
)
(E:\Software\MiKTex_2.9\tex\latex\oberdiek\epstopdf.sty
Package: epstopdf 2016/05/15 v2.6 Conversion with epstopdf on the fly (HO)

(E:\Software\MiKTex_2.9\tex\latex\oberdiek\epstopdf-base.sty
Package: epstopdf-base 2016/05/15 v2.6 Base part for package epstopdf

(E:\Software\MiKTex_2.9\tex\generic\oberdiek\infwarerr.sty
Package: infwarerr 2016/05/16 v1.4 Providing info/warning/error messages (HO)
)
(E:\Software\MiKTex_2.9\tex\latex\oberdiek\grfext.sty
Package: grfext 2016/05/16 v1.2 Manage graphics extensions (HO)

(E:\Software\MiKTex_2.9\tex\generic\oberdiek\kvdefinekeys.sty
Package: kvdefinekeys 2016/05/16 v1.4 Define keys (HO)

(E:\Software\MiKTex_2.9\tex\generic\oberdiek\ltxcmds.sty
Package: ltxcmds 2016/05/16 v1.23 LaTeX kernel commands for general use (HO)
)))
(E:\Software\MiKTex_2.9\tex\latex\oberdiek\kvoptions.sty
Package: kvoptions 2016/05/16 v3.12 Key value format for package options (HO)

(E:\Software\MiKTex_2.9\tex\generic\oberdiek\kvsetkeys.sty
Package: kvsetkeys 2016/05/16 v1.17 Key value parser (HO)

(E:\Software\MiKTex_2.9\tex\generic\oberdiek\etexcmds.sty
Package: etexcmds 2016/05/16 v1.6 Avoid name clashes with e-TeX commands (HO)

(E:\Software\MiKTex_2.9\tex\generic\oberdiek\ifluatex.sty
Package: ifluatex 2016/05/16 v1.4 Provides the ifluatex switch (HO)
Package ifluatex Info: LuaTeX not detected.
)
Package etexcmds Info: Could not find \expanded.
(etexcmds)             That can mean that you are not using pdfTeX 1.50 or
(etexcmds)             that some package has redefined \expanded.
(etexcmds)             In the latter case, load this package earlier.
)))
(E:\Software\MiKTex_2.9\tex\generic\oberdiek\pdftexcmds.sty
Package: pdftexcmds 2018/01/21 v0.26 Utility functions of pdfTeX for LuaTeX (HO
)

(E:\Software\MiKTex_2.9\tex\generic\oberdiek\ifpdf.sty
Package: ifpdf 2017/03/15 v3.2 Provides the ifpdf switch
)
Package pdftexcmds Info: LuaTeX not detected.
Package pdftexcmds Info: \pdf@primitive is available.
Package pdftexcmds Info: \pdf@ifprimitive is available.
Package pdftexcmds Info: \pdfdraftmode found.
)
Package epstopdf-base Info: Redefining graphics rule for `.eps' on input line 4
38.
Package grfext Info: Graphics extension search list:
(grfext)             [.pdf,.png,.jpg,.mps,.jpeg,.jbig2,.jb2,.PDF,.PNG,.JPG,.JPE
G,.JBIG2,.JB2,.eps]
(grfext)             \AppendGraphicsExtensions on input line 456.
))
(E:\Software\MiKTex_2.9\tex\latex\subfigure\subfigure.sty
Package: subfigure 2002/07/30 v2.1.4 subfigure package
\subfigtopskip=\skip46
\subfigcapskip=\skip47
\subfigcaptopadj=\dimen141
\subfigbottomskip=\skip48
\subfigcapmargin=\dimen142
\subfiglabelskip=\skip49
\c@subfigure=\count104
\c@lofdepth=\count105
\c@subtable=\count106
\c@lotdepth=\count107

****************************************
* Local config file subfigure.cfg used *
****************************************
(E:\Software\MiKTex_2.9\tex\latex\subfigure\subfigure.cfg)
\subfig@top=\skip50
\subfig@bottom=\skip51
)
(E:\Software\MiKTex_2.9\tex\latex\slashbox\slashbox.sty
slashbox style by K.Yasuoka, May 1993.
\@slashboxa=\box28
\@slashboxb=\box29
\@slashboxc=\box30
\@slashboxwd=\count108
\@slashboxht=\count109
\@slashsepl=\dimen143
\@slashsepr=\dimen144
) (E:\Software\MiKTex_2.9\tex\latex\datetime\datetime.sty
Package: datetime 2015/03/20 v2.60 Date Time Package

(E:\Software\MiKTex_2.9\tex\latex\etoolbox\etoolbox.sty
Package: etoolbox 2018/02/11 v2.5e e-TeX tools for LaTeX (JAW)
\etb@tempcnta=\count110
)
(E:\Software\MiKTex_2.9\tex\latex\fmtcount\fmtcount.sty
Package: fmtcount 2017/12/24 v3.05

(E:\Software\MiKTex_2.9\tex\latex\base\ifthen.sty
Package: ifthen 2014/09/29 v1.1c Standard LaTeX ifthen package (DPC)
)
(E:\Software\MiKTex_2.9\tex\latex\xkeyval\xkeyval.sty
Package: xkeyval 2014/12/03 v2.7a package option processing (HA)

(E:\Software\MiKTex_2.9\tex\generic\xkeyval\xkeyval.tex
(E:\Software\MiKTex_2.9\tex\generic\xkeyval\xkvutils.tex
\XKV@toks=\toks21
\XKV@tempa@toks=\toks22
)
\XKV@depth=\count111
File: xkeyval.tex 2014/12/03 v2.7a key=value parser (HA)
))
(E:\Software\MiKTex_2.9\tex\latex\fmtcount\fcprefix.sty
Package: fcprefix 2012/09/28

(E:\Software\MiKTex_2.9\tex\latex\fmtcount\fcnumparser.sty
Package: fcnumparser 2017/06/15
\fc@digit@counter=\count112
))
\c@padzeroesN=\count113
\fc@tmpcatcode=\count114
\@DT@modctr=\count115
\@ordinalctr=\count116
\@orgargctr=\count117
\@strctr=\count118
\@tmpstrctr=\count119
\@DT@loopN=\count120
\@DT@X=\count121
)
(E:\Software\MiKTex_2.9\tex\latex\datetime\datetime-defaults.sty
Package: datetime-defaults 2013/09/10
)
\@day=\count122
\@month=\count123
\@year=\count124
\c@HOUR=\count125
\c@HOURXII=\count126
\c@MINUTE=\count127
\c@TOHOUR=\count128
\c@TOMINUTE=\count129
\c@SECOND=\count130
\currenthour=\count131
\currentminute=\count132
\currentsecond=\count133
Package datetime Info: No datetime.cfg file found, using default settings on in
put line 308.
\@dtctr=\count134
\dayofyear=\count135
\dayofweek=\count136
LaTeX Info: Redefining \today on input line 736.
\dt@a=\toks23
\dt@b=\toks24
)
(E:\Software\MiKTex_2.9\tex\latex\algorithms\algorithm.sty
Package: algorithm 2009/08/24 v0.1 Document Style `algorithm' - floating enviro
nment

(E:\Software\MiKTex_2.9\tex\latex\float\float.sty
Package: float 2001/11/08 v1.3d Float enhancements (AL)
\c@float@type=\count137
\float@exts=\toks25
\float@box=\box31
\@float@everytoks=\toks26
\@floatcapt=\box32
)
\@float@every@algorithm=\toks27
\c@algorithm=\count138
)
(E:\Software\MiKTex_2.9\tex\latex\algorithms\algorithmic.sty
Package: algorithmic 2009/08/24 v0.1 Document Style `algorithmic'
\c@ALC@unique=\count139
\c@ALC@line=\count140
\c@ALC@rem=\count141
\c@ALC@depth=\count142
\ALC@tlm=\skip52
\algorithmicindent=\skip53
)
(E:\Software\MiKTex_2.9\tex\latex\multirow\multirow.sty
Package: multirow 2016/11/25 v2.2 Span multiple rows of a table
\multirow@colwidth=\skip54
\multirow@cntb=\count143
\multirow@dima=\skip55
\bigstrutjot=\dimen145
)
(E:\Software\MiKTex_2.9\tex\latex\xcolor\xcolor.sty
Package: xcolor 2016/05/11 v2.12 LaTeX color extensions (UK)

(E:\Software\MiKTex_2.9\tex\latex\graphics-cfg\color.cfg
File: color.cfg 2016/01/02 v1.6 sample color configuration
)
Package xcolor Info: Driver file: pdftex.def on input line 225.
Package xcolor Info: Model `cmy' substituted by `cmy0' on input line 1348.
Package xcolor Info: Model `hsb' substituted by `rgb' on input line 1352.
Package xcolor Info: Model `RGB' extended on input line 1364.
Package xcolor Info: Model `HTML' substituted by `rgb' on input line 1366.
Package xcolor Info: Model `Hsb' substituted by `hsb' on input line 1367.
Package xcolor Info: Model `tHsb' substituted by `hsb' on input line 1368.
Package xcolor Info: Model `HSB' substituted by `hsb' on input line 1369.
Package xcolor Info: Model `Gray' substituted by `gray' on input line 1370.
Package xcolor Info: Model `wave' substituted by `hsb' on input line 1371.
)
(E:\Software\MiKTex_2.9\tex\latex\cite\cite.sty
LaTeX Info: Redefining \cite on input line 302.
LaTeX Info: Redefining \nocite on input line 332.
Package: cite 2015/02/27  v 5.5
)
(E:\Software\MiKTex_2.9\tex\latex\amscls\amsthm.sty
Package: amsthm 2017/10/31 v2.20.4
\thm@style=\toks28
\thm@bodyfont=\toks29
\thm@headfont=\toks30
\thm@notefont=\toks31
\thm@headpunct=\toks32
\thm@preskip=\skip56
\thm@postskip=\skip57
\thm@headsep=\skip58
\dth@everypar=\toks33
)
(E:\Software\MiKTex_2.9\tex\latex\tools\array.sty
Package: array 2016/10/06 v2.4d Tabular extension package (FMi)
\col@sep=\dimen146
\extrarowheight=\dimen147
\NC@list=\toks34
\extratabsurround=\skip59
\backup@length=\skip60
) (Ma.aux)
\openout1 = `Ma.aux'.

LaTeX Font Info:    Checking defaults for OML/cmm/m/it on input line 42.
LaTeX Font Info:    ... okay on input line 42.
LaTeX Font Info:    Checking defaults for T1/cmr/m/n on input line 42.
LaTeX Font Info:    ... okay on input line 42.
LaTeX Font Info:    Checking defaults for OT1/cmr/m/n on input line 42.
LaTeX Font Info:    ... okay on input line 42.
LaTeX Font Info:    Checking defaults for OMS/cmsy/m/n on input line 42.
LaTeX Font Info:    ... okay on input line 42.
LaTeX Font Info:    Checking defaults for OMX/cmex/m/n on input line 42.
LaTeX Font Info:    ... okay on input line 42.
LaTeX Font Info:    Checking defaults for U/cmr/m/n on input line 42.
LaTeX Font Info:    ... okay on input line 42.
LaTeX Font Info:    Checking defaults for TS1/cmr/m/n on input line 42.
LaTeX Font Info:    Try loading font information for TS1+cmr on input line 42.

(E:\Software\MiKTex_2.9\tex\latex\base\ts1cmr.fd
File: ts1cmr.fd 2014/09/29 v2.5h Standard LaTeX font definitions
)
LaTeX Font Info:    ... okay on input line 42.
LaTeX Font Info:    Try loading font information for OT1+ptm on input line 42.

(E:\Software\MiKTex_2.9\tex\latex\psnfss\ot1ptm.fd
File: ot1ptm.fd 2001/06/04 font definitions for OT1/ptm.
)
(E:\Software\MiKTex_2.9\tex\context\base\supp-pdf.mkii
[Loading MPS to PDF converter (version 2006.09.02).]
\scratchcounter=\count144
\scratchdimen=\dimen148
\scratchbox=\box33
\nofMPsegments=\count145
\nofMParguments=\count146
\everyMPshowfont=\toks35
\MPscratchCnt=\count147
\MPscratchDim=\dimen149
\MPnumerator=\count148
\makeMPintoPDFobject=\count149
\everyMPtoPDFconversion=\toks36
)
Package caption Info: Begin \AtBeginDocument code.
Package caption Info: float package is loaded.
Package caption Info: subfigure package is loaded.
Package caption Info: End \AtBeginDocument code.
 (E:\Software\MiKTex_2.9\tex\latex\fmtcount\fc-english.def
File: fc-english.def 2016/01/12
)
LaTeX Font Info:    Font shape `OT1/ptm/bx/n' in size <12> not available
(Font)              Font shape `OT1/ptm/b/n' tried instead on input line 44.
LaTeX Font Info:    Font shape `OT1/ptm/bx/n' in size <14.4> not available
(Font)              Font shape `OT1/ptm/b/n' tried instead on input line 44.
LaTeX Font Info:    Try loading font information for U+msa on input line 44.

(E:\Software\MiKTex_2.9\tex\latex\amsfonts\umsa.fd
File: umsa.fd 2013/01/14 v3.01 AMS symbols A
)
LaTeX Font Info:    Try loading font information for U+msb on input line 44.

(E:\Software\MiKTex_2.9\tex\latex\amsfonts\umsb.fd
File: umsb.fd 2013/01/14 v3.01 AMS symbols B
)
LaTeX Font Info:    Try loading font information for OT1+pcr on input line 44.

(E:\Software\MiKTex_2.9\tex\latex\psnfss\ot1pcr.fd
File: ot1pcr.fd 2001/06/04 font definitions for OT1/pcr.
)
LaTeX Font Info:    Try loading font information for OMS+pcr on input line 44.

(E:\Software\MiKTex_2.9\tex\latex\psnfss\omspcr.fd
File: omspcr.fd 
)
LaTeX Font Info:    Font shape `OMS/pcr/m/n' in size <9> not available
(Font)              Font shape `OMS/cmsy/m/n' tried instead on input line 44.
LaTeX Font Info:    Font shape `OT1/ptm/bx/n' in size <9> not available
(Font)              Font shape `OT1/ptm/b/n' tried instead on input line 46.

Underfull \hbox (badness 10000) in paragraph at lines 47--48
\OT1/ptm/m/n/9 more com-pre-hen-sive para-lingual in-for-ma-tion than the
 []


Underfull \hbox (badness 2818) in paragraph at lines 47--48
\OT1/ptm/m/n/9 such in-for-ma-tion from spec-tro-grams and ac-com-plish the
 []


Underfull \hbox (badness 1194) in paragraph at lines 47--48
\OT1/ptm/m/n/9 Mean-while, in or-der to han-dle the variable-length speech
 []


Underfull \hbox (badness 6445) in paragraph at lines 47--48
\OT1/ptm/m/n/9 model on the IEMO-CAP dataset over four emo-tions.
 []


Underfull \hbox (badness 5756) in paragraph at lines 54--55
\OT1/ptm/m/n/9 Emotion recog-ni-tion plays an im-por-tant role in many
 []


Underfull \hbox (badness 10000) in paragraph at lines 54--55
\OT1/ptm/m/n/9 ap-pli-ca-tions, es-pe-cially in human-computer in-ter-ac-tion
 []


Underfull \hbox (badness 2495) in paragraph at lines 60--61
\OT1/ptm/m/n/9 work [2]. How-ever, our neu-ral net-work pos-sesses the
 []


Underfull \hbox (badness 3735) in paragraph at lines 60--61
\OT1/ptm/m/n/9 val-i-da-tion, which is a 2.65% ab-so-lute (3.85% rel-a-tive)
 []


Underfull \hbox (badness 3547) in paragraph at lines 62--63
\OT1/ptm/m/n/9 neu-ral net-work struc-ture is then de-tailed in Sec-tion 3[].
 []


Underfull \hbox (badness 3439) in paragraph at lines 67--68
\OT1/ptm/m/n/9 emo-tion recog-ni-tion. In [4[]7], prosody-based acous-tic
 []


Underfull \hbox (badness 3612) in paragraph at lines 67--68
\OT1/ptm/m/n/9 fea-tures have been widely used for rec-og-niz-ing speech
 []


Underfull \hbox (badness 4060) in paragraph at lines 67--68
\OT1/ptm/m/n/9 role in emo-tion recog-ni-tion, such as Lin-ear Pre-dic-tion
 []


Underfull \hbox (badness 10000) in paragraph at lines 67--68
\OT1/ptm/m/n/9 (LPCC) [9] and Mel-frequency Cep-stral Co-ef-fi-cients
 []

[1{C:/Users/Eric/AppData/Local/MiKTeX/2.9/pdftex/config/pdftex.map}



]
Underfull \hbox (badness 2653) in paragraph at lines 69--70
\OT1/ptm/m/n/9 learn-ing bet-ter fea-tures for au-to-matic speech recog-ni-tion

 []


Underfull \hbox (badness 7558) in paragraph at lines 69--70
\OT1/ptm/m/n/9 slight worse than cor-re-spond-ing MFCC on the same
 []


Underfull \hbox (badness 8113) in paragraph at lines 69--70
\OT1/ptm/m/n/9 log-Mel fil-ter-bank en-er-gies by us-ing a Con-vo-lu-tional,
 []


Underfull \hbox (badness 3078) in paragraph at lines 76--77
\OT1/ptm/m/n/9 lengths of in-puts are equal), some er-rors will also be
 []


Underfull \hbox (badness 1052) in paragraph at lines 76--77
\OT1/ptm/m/n/9 con-tains ob-vi-ous non-neutral emo-tional in-for-ma-tion in the

 []


Underfull \hbox (badness 7133) in paragraph at lines 76--77
\OT1/ptm/m/n/9 emo-tion, may not con-tains any non-neutral emo-tional
 []

<neu.jpg, id=12, 3613.5pt x 2409.0pt>
File: neu.jpg Graphic file (type jpg)
<use neu.jpg>
Package pdftex.def Info: neu.jpg  used on input line 83.
(pdftex.def)             Requested size: 142.26378pt x 94.83649pt.
<ang.jpg, id=13, 3613.5pt x 2409.0pt>
File: ang.jpg Graphic file (type jpg)
<use ang.jpg>
Package pdftex.def Info: ang.jpg  used on input line 89.
(pdftex.def)             Requested size: 142.26378pt x 94.83649pt.
[2 <./neu.jpg> <./ang.jpg>]
Underfull \hbox (badness 1337) in paragraph at lines 103--104
\OT1/ptm/m/n/9 ca-pa-ble of learn-ing spa-tial pat-terns, will learn ef-fec-tiv
ely
 []


Underfull \hbox (badness 2644) in paragraph at lines 103--104
\OT1/ptm/m/n/9 spa-tial spec-tro-gram pat-terns that rep-re-sent the emo-tional

 []


Underfull \hbox (badness 10000) in paragraph at lines 135--136
\OT1/ptm/m/n/9 of padding value on the out-put. Let
 []


Underfull \hbox (badness 1394) in paragraph at lines 135--136
\OML/cmm/m/it/9 S \OT1/cmr/m/n/9 = [\OML/cmm/m/it/9 x[]; x[]; :::; x[]; :::; x[
]\OT1/cmr/m/n/9 ]$ \OT1/ptm/m/n/9 is a in-put se-quence, where
 []


Underfull \hbox (badness 10000) in paragraph at lines 135--136
\OML/cmm/m/it/9 S\OT1/cmr/m/n/9 1 = [\OML/cmm/m/it/9 x[]; x[]; :::; x[]\OT1/cmr
/m/n/9 ]$ \OT1/ptm/m/n/9 is the valid part and
 []


Underfull \hbox (badness 10000) in paragraph at lines 141--143
\OML/cmm/m/it/9 Mask\OT1/cmr/m/n/9 (\OML/cmm/m/it/9 S\OT1/cmr/m/n/9 )$ \OT1/ptm
/m/n/9 is a mask-ing ma-trix, and
 []


Underfull \hbox (badness 2065) in paragraph at lines 141--143
\OT1/ptm/m/n/9 and $\OML/cmm/m/it/9 Mask\OT1/cmr/m/n/9 (\OML/cmm/m/it/9 S\OT1/c
mr/m/n/9 )$\OT1/ptm/m/n/9 . Be-sides, con-vo-lu-tional lay-ers are of-ten
 []

<network.pdf, id=17, 180.675pt x 227.04825pt>
File: network.pdf Graphic file (type pdf)
<use network.pdf>
Package pdftex.def Info: network.pdf  used on input line 152.
(pdftex.def)             Requested size: 180.67455pt x 227.04768pt.

Underfull \vbox (badness 10000) has occurred while \output is active []

 [3 <./network.pdf>]
Underfull \hbox (badness 1325) in paragraph at lines 176--177
[]\OT1/ptm/m/n/9 In Ta-ble 1[], we present weighted ac-cu-racy (WA) and
 []


Underfull \hbox (badness 10000) in paragraph at lines 176--177
\OT1/ptm/m/n/9 ``Base-line'' rep-re-sents the re-sult re-ported in [2],
 []


Underfull \hbox (badness 1082) in paragraph at lines 176--177
\OT1/ptm/m/n/9 ``Fixed-Length'' rep-re-sents zthe fixed-length in-puts for our
 []


Underfull \hbox (badness 10000) in paragraph at lines 176--177
\OT1/ptm/m/n/9 neu-ral net-work, ``Variable-Length'' rep-re-sents the
 []


Underfull \hbox (badness 1009) in paragraph at lines 176--177
\OT1/ptm/m/n/9 the UA also reaches 64.22%, which is a 4.82% ab-so-lute
 []


Underfull \hbox (badness 7963) in paragraph at lines 176--177
\OT1/ptm/m/n/9 (8.11% rel-a-tive) im-prove-ment com-pared to ``Base-line''.
 []


Underfull \hbox (badness 10000) in paragraph at lines 193--195
[][]
 []


Underfull \hbox (badness 10000) in paragraph at lines 215--218
[][]
 []


Underfull \hbox (badness 10000) in paragraph at lines 237--240
[][]
 []

[4]
<rnn_out_const_neu_comp.jpg, id=36, 3613.5pt x 2409.0pt>
File: rnn_out_const_neu_comp.jpg Graphic file (type jpg)
<use rnn_out_const_neu_comp.jpg>
Package pdftex.def Info: rnn_out_const_neu_comp.jpg  used on input line 247.
(pdftex.def)             Requested size: 119.50148pt x 79.6553pt.
<rnn_out_var_neu_comp.jpg, id=37, 3613.5pt x 2409.0pt>
File: rnn_out_var_neu_comp.jpg Graphic file (type jpg)
<use rnn_out_var_neu_comp.jpg>
Package pdftex.def Info: rnn_out_var_neu_comp.jpg  used on input line 253.
(pdftex.def)             Requested size: 119.50148pt x 79.6553pt.
<rnn_out_var_ang.jpg, id=38, 3613.5pt x 2409.0pt>
File: rnn_out_var_ang.jpg Graphic file (type jpg)
<use rnn_out_var_ang.jpg>
Package pdftex.def Info: rnn_out_var_ang.jpg  used on input line 264.
(pdftex.def)             Requested size: 71.13188pt x 47.41824pt.
<rnn_out_var_hap.jpg, id=39, 3613.5pt x 2409.0pt>
File: rnn_out_var_hap.jpg Graphic file (type jpg)
<use rnn_out_var_hap.jpg>
Package pdftex.def Info: rnn_out_var_hap.jpg  used on input line 270.
(pdftex.def)             Requested size: 71.13188pt x 47.41824pt.
<rnn_out_var_sad.jpg, id=40, 3613.5pt x 2409.0pt>
File: rnn_out_var_sad.jpg Graphic file (type jpg)
<use rnn_out_var_sad.jpg>
Package pdftex.def Info: rnn_out_var_sad.jpg  used on input line 276.
(pdftex.def)             Requested size: 71.13188pt x 47.41824pt.

Underfull \hbox (badness 3954) in paragraph at lines 289--290
\OT1/ptm/m/n/9 clas-si-fi-ca-tion task from variable-length speech seg-ments.
 []

(Ma.bbl [5 <./rnn_out_const_neu_comp.jpg> <./rnn_out_var_neu_comp.jpg> <./rnn_o
ut_var_ang.jpg> <./rnn_out_var_hap.jpg> <./rnn_out_var_sad.jpg>]) [6

] (Ma.aux) ) 
Here is how much of TeX's memory you used:
 6688 strings out of 493305
 93574 string characters out of 3141065
 178941 words of memory out of 3000000
 10053 multiletter control sequences out of 15000+200000
 30281 words of font info for 76 fonts, out of 3000000 for 9000
 1141 hyphenation exceptions out of 8191
 43i,15n,77p,1619b,398s stack positions out of 5000i,500n,10000p,200000b,50000s
{E:/Software/MiKTex_2.9/fonts/enc/dvips/base/8r.enc}<E:/Software/Mi
KTex_2.9/fonts/type1/public/amsfonts/cm/cmmi6.pfb><E:/Software/MiKTex_2.9/fonts
/type1/public/amsfonts/cm/cmmi8.pfb><E:/Software/MiKTex_2.9/fonts/type1/public/
amsfonts/cm/cmmi9.pfb><E:/Software/MiKTex_2.9/fonts/type1/public/amsfonts/cm/cm
r6.pfb><E:/Software/MiKTex_2.9/fonts/type1/public/amsfonts/cm/cmr8.pfb><E:/Soft
ware/MiKTex_2.9/fonts/type1/public/amsfonts/cm/cmr9.pfb><E:/Software/MiKTex_2.9
/fonts/type1/public/amsfonts/cm/cmsy9.pfb><E:/Software/MiKTex_2.9/fonts/type1/p
ublic/amsfonts/latxfont/line10.pfb><E:/Software/MiKTex_2.9/fonts/type1/urw/cour
ier/ucrr8a.pfb><E:/Software/MiKTex_2.9/fonts/type1/urw/times/utmb8a.pfb><E:/Sof
tware/MiKTex_2.9/fonts/type1/urw/times/utmr8a.pfb><E:/Software/MiKTex_2.9/fonts
/type1/urw/times/utmri8a.pfb>
Output written on Ma.pdf (6 pages, 7497614 bytes).
PDF statistics:
 85 PDF objects out of 1000 (max. 8388607)
 0 named destinations out of 1000 (max. 500000)
 41 words of extra memory for PDF output out of 10000 (max. 10000000)

